[2025-05-27T18:03:12.550+0000] {taskinstance.py:1159} INFO - Dependencies all met for dep_context=non-requeueable deps ti=<TaskInstance: walmart_etl_dag.load_to_ods manual__2025-05-27T17:58:08+00:00 [queued]>
[2025-05-27T18:03:12.556+0000] {taskinstance.py:1159} INFO - Dependencies all met for dep_context=requeueable deps ti=<TaskInstance: walmart_etl_dag.load_to_ods manual__2025-05-27T17:58:08+00:00 [queued]>
[2025-05-27T18:03:12.556+0000] {taskinstance.py:1361} INFO - Starting attempt 2 of 2
[2025-05-27T18:03:12.562+0000] {taskinstance.py:1382} INFO - Executing <Task(PythonOperator): load_to_ods> on 2025-05-27 17:58:08+00:00
[2025-05-27T18:03:12.566+0000] {standard_task_runner.py:57} INFO - Started process 2776 to run task
[2025-05-27T18:03:12.568+0000] {standard_task_runner.py:84} INFO - Running: ['***', 'tasks', 'run', 'walmart_etl_dag', 'load_to_ods', 'manual__2025-05-27T17:58:08+00:00', '--job-id', '217', '--raw', '--subdir', 'DAGS_FOLDER/walmart_etl_dag.py', '--cfg-path', '/tmp/tmpqx9nwh8x']
[2025-05-27T18:03:12.570+0000] {standard_task_runner.py:85} INFO - Job 217: Subtask load_to_ods
[2025-05-27T18:03:12.614+0000] {task_command.py:416} INFO - Running <TaskInstance: walmart_etl_dag.load_to_ods manual__2025-05-27T17:58:08+00:00 [running]> on host a9df2a99636e
[2025-05-27T18:03:12.877+0000] {taskinstance.py:1662} INFO - Exporting env vars: AIRFLOW_CTX_DAG_OWNER='***' AIRFLOW_CTX_DAG_ID='walmart_etl_dag' AIRFLOW_CTX_TASK_ID='load_to_ods' AIRFLOW_CTX_EXECUTION_DATE='2025-05-27T17:58:08+00:00' AIRFLOW_CTX_TRY_NUMBER='2' AIRFLOW_CTX_DAG_RUN_ID='manual__2025-05-27T17:58:08+00:00'
[2025-05-27T18:03:12.914+0000] {logging_mixin.py:154} INFO - Loaded 8399 rows from CSV file.
[2025-05-27T18:03:13.140+0000] {logging_mixin.py:154} INFO - Loaded 1459 records into ods_date.
[2025-05-27T18:03:13.620+0000] {logging_mixin.py:154} INFO - Loaded 3011 records into ods_customer.
[2025-05-27T18:03:13.667+0000] {taskinstance.py:1937} ERROR - Task failed with exception
Traceback (most recent call last):
  File "/home/airflow/.local/lib/python3.8/site-packages/sqlalchemy/engine/base.py", line 1890, in _execute_context
    self.dialect.do_executemany(
  File "/home/airflow/.local/lib/python3.8/site-packages/sqlalchemy/dialects/postgresql/psycopg2.py", line 1000, in do_executemany
    cursor.executemany(statement, parameters)
psycopg2.errors.UndefinedColumn: column "effective_date" of relation "ods_product" does not exist
LINE 5:                     effective_date, source_system, load_time...
                            ^


The above exception was the direct cause of the following exception:

Traceback (most recent call last):
  File "/home/airflow/.local/lib/python3.8/site-packages/airflow/operators/python.py", line 192, in execute
    return_value = self.execute_callable()
  File "/home/airflow/.local/lib/python3.8/site-packages/airflow/operators/python.py", line 209, in execute_callable
    return self.python_callable(*self.op_args, **self.op_kwargs)
  File "/opt/airflow/dags/walmart_etl_dag.py", line 84, in etl_load_to_ods
    load_ods_layer(engine, df)
  File "/opt/airflow/walmart-etl/etl_data_loader.py", line 339, in load_ods_layer
    load_ods_product_dimension(engine, df)
  File "/opt/airflow/walmart-etl/etl_data_loader.py", line 186, in load_ods_product_dimension
    conn.execute(text("""
  File "/home/airflow/.local/lib/python3.8/site-packages/sqlalchemy/engine/base.py", line 1385, in execute
    return meth(self, multiparams, params, _EMPTY_EXECUTION_OPTS)
  File "/home/airflow/.local/lib/python3.8/site-packages/sqlalchemy/sql/elements.py", line 334, in _execute_on_connection
    return connection._execute_clauseelement(
  File "/home/airflow/.local/lib/python3.8/site-packages/sqlalchemy/engine/base.py", line 1577, in _execute_clauseelement
    ret = self._execute_context(
  File "/home/airflow/.local/lib/python3.8/site-packages/sqlalchemy/engine/base.py", line 1953, in _execute_context
    self._handle_dbapi_exception(
  File "/home/airflow/.local/lib/python3.8/site-packages/sqlalchemy/engine/base.py", line 2134, in _handle_dbapi_exception
    util.raise_(
  File "/home/airflow/.local/lib/python3.8/site-packages/sqlalchemy/util/compat.py", line 211, in raise_
    raise exception
  File "/home/airflow/.local/lib/python3.8/site-packages/sqlalchemy/engine/base.py", line 1890, in _execute_context
    self.dialect.do_executemany(
  File "/home/airflow/.local/lib/python3.8/site-packages/sqlalchemy/dialects/postgresql/psycopg2.py", line 1000, in do_executemany
    cursor.executemany(statement, parameters)
sqlalchemy.exc.ProgrammingError: (psycopg2.errors.UndefinedColumn) column "effective_date" of relation "ods_product" does not exist
LINE 5:                     effective_date, source_system, load_time...
                            ^

[SQL: 
                INSERT INTO ods_product (
                    product_id, product_name, product_category, product_sub_category,
                    product_container, product_base_margin, unit_price, supplier_id,
                    effective_date, source_system, load_timestamp
                ) VALUES (
                    %(product_id)s, %(product_name)s, %(product_category)s, %(product_sub_category)s,
                    %(product_container)s, %(product_base_margin)s, %(unit_price)s, %(supplier_id)s,
                    %(effective_date)s, %(source_system)s, %(load_timestamp)s
                )
                ON CONFLICT (product_id) DO NOTHING
            ]
[parameters: ({'product_id': '329c5d66-6a3d-48fc-a', 'product_name': 'Perma STOR-ALL™ Hanging File Box, 13 1/8"W x 12 1/4"D x 10 1/2"H', 'product_category': 'Office Supplies', 'product_sub_category': 'Storage & Organization', 'product_container': 'Small Box', 'product_base_margin': 0.68, 'unit_price': 5.98, 'supplier_id': None, 'effective_date': datetime.date(2025, 5, 27), 'source_system': 'CSV Import', 'load_timestamp': datetime.datetime(2025, 5, 27, 18, 3, 13, 623775)}, {'product_id': '074b4e61-fdc8-455a-b', 'product_name': 'Safco Industrial Wire Shelving', 'product_category': 'Office Supplies', 'product_sub_category': 'Storage & Organization', 'product_container': 'Large Box', 'product_base_margin': nan, 'unit_price': 95.99, 'supplier_id': None, 'effective_date': datetime.date(2025, 5, 27), 'source_system': 'CSV Import', 'load_timestamp': datetime.datetime(2025, 5, 27, 18, 3, 13, 623835)}, {'product_id': '2b1d85df-5841-40e7-b', 'product_name': 'Hon 4070 Series Pagoda™ Armless Upholstered Stacking Chairs', 'product_category': 'Furniture', 'product_sub_category': 'Chairs & Chairmats', 'product_container': 'Jumbo Drum', 'product_base_margin': 0.56, 'unit_price': 291.73, 'supplier_id': None, 'effective_date': datetime.date(2025, 5, 27), 'source_system': 'CSV Import', 'load_timestamp': datetime.datetime(2025, 5, 27, 18, 3, 13, 623870)}, {'product_id': '9597561f-fb51-4784-b', 'product_name': 'White GlueTop Scratch Pads', 'product_category': 'Office Supplies', 'product_sub_category': 'Paper', 'product_container': 'Wrap Bag', 'product_base_margin': 0.39, 'unit_price': 15.04, 'supplier_id': None, 'effective_date': datetime.date(2025, 5, 27), 'source_system': 'CSV Import', 'load_timestamp': datetime.datetime(2025, 5, 27, 18, 3, 13, 623901)}, {'product_id': 'd3a48f88-210f-4c66-a', 'product_name': 'Hon Valutask™ Swivel Chairs', 'product_category': 'Furniture', 'product_sub_category': 'Chairs & Chairmats', 'product_container': 'Jumbo Drum', 'product_base_margin': 0.69, 'unit_price': 100.98, 'supplier_id': None, 'effective_date': datetime.date(2025, 5, 27), 'source_system': 'CSV Import', 'load_timestamp': datetime.datetime(2025, 5, 27, 18, 3, 13, 623931)}, {'product_id': 'ad0d320e-2155-4aea-a', 'product_name': 'Black Print Carbonless Snap-Off® Rapid Letter, 8 1/2" x 7"', 'product_category': 'Office Supplies', 'product_sub_category': 'Paper', 'product_container': 'Wrap Bag', 'product_base_margin': 0.4, 'unit_price': 9.11, 'supplier_id': None, 'effective_date': datetime.date(2025, 5, 27), 'source_system': 'CSV Import', 'load_timestamp': datetime.datetime(2025, 5, 27, 18, 3, 13, 623961)}, {'product_id': '00ab6bbb-0535-445e-b', 'product_name': 'Avery Trapezoid Ring Binder, 3" Capacity, Black, 1040 sheets', 'product_category': 'Office Supplies', 'product_sub_category': 'Binders and Binder Accessories', 'product_container': 'Small Box', 'product_base_margin': 0.36, 'unit_price': 40.98, 'supplier_id': None, 'effective_date': datetime.date(2025, 5, 27), 'source_system': 'CSV Import', 'load_timestamp': datetime.datetime(2025, 5, 27, 18, 3, 13, 623990)}, {'product_id': '916bcae7-518f-4b5b-8', 'product_name': 'Dual Level, Single-Width Filing Carts', 'product_category': 'Office Supplies', 'product_sub_category': 'Storage & Organization', 'product_container': 'Small Box', 'product_base_margin': 0.59, 'unit_price': 155.06, 'supplier_id': None, 'effective_date': datetime.date(2025, 5, 27), 'source_system': 'CSV Import', 'load_timestamp': datetime.datetime(2025, 5, 27, 18, 3, 13, 624019)}  ... displaying 10 of 1314 total bound parameter sets ...  {'product_id': '1dc897c2-739b-4510-9', 'product_name': 'Global Comet™ Stacking Armless Chair', 'product_category': 'Furniture', 'product_sub_category': 'Chairs & Chairmats', 'product_container': 'Jumbo Drum', 'product_base_margin': 0.57, 'unit_price': 299.05, 'supplier_id': None, 'effective_date': datetime.date(2025, 5, 27), 'source_system': 'CSV Import', 'load_timestamp': datetime.datetime(2025, 5, 27, 18, 3, 13, 661225)}, {'product_id': '8f62786d-d010-4703-a', 'product_name': 'Epson FX-2180 Wide Format Dot Matrix Printer', 'product_category': 'Technology', 'product_sub_category': 'Office Machines', 'product_container': 'Jumbo Drum', 'product_base_margin': 0.57, 'unit_price': 596.98, 'supplier_id': None, 'effective_date': datetime.date(2025, 5, 27), 'source_system': 'CSV Import', 'load_timestamp': datetime.datetime(2025, 5, 27, 18, 3, 13, 661253)})]
(Background on this error at: https://sqlalche.me/e/14/f405)
[2025-05-27T18:03:13.680+0000] {taskinstance.py:1400} INFO - Marking task as FAILED. dag_id=walmart_etl_dag, task_id=load_to_ods, execution_date=20250527T175808, start_date=20250527T180312, end_date=20250527T180313
[2025-05-27T18:03:13.686+0000] {standard_task_runner.py:104} ERROR - Failed to execute job 217 for task load_to_ods ((psycopg2.errors.UndefinedColumn) column "effective_date" of relation "ods_product" does not exist
LINE 5:                     effective_date, source_system, load_time...
                            ^

[SQL: 
                INSERT INTO ods_product (
                    product_id, product_name, product_category, product_sub_category,
                    product_container, product_base_margin, unit_price, supplier_id,
                    effective_date, source_system, load_timestamp
                ) VALUES (
                    %(product_id)s, %(product_name)s, %(product_category)s, %(product_sub_category)s,
                    %(product_container)s, %(product_base_margin)s, %(unit_price)s, %(supplier_id)s,
                    %(effective_date)s, %(source_system)s, %(load_timestamp)s
                )
                ON CONFLICT (product_id) DO NOTHING
            ]
[parameters: ({'product_id': '329c5d66-6a3d-48fc-a', 'product_name': 'Perma STOR-ALL™ Hanging File Box, 13 1/8"W x 12 1/4"D x 10 1/2"H', 'product_category': 'Office Supplies', 'product_sub_category': 'Storage & Organization', 'product_container': 'Small Box', 'product_base_margin': 0.68, 'unit_price': 5.98, 'supplier_id': None, 'effective_date': datetime.date(2025, 5, 27), 'source_system': 'CSV Import', 'load_timestamp': datetime.datetime(2025, 5, 27, 18, 3, 13, 623775)}, {'product_id': '074b4e61-fdc8-455a-b', 'product_name': 'Safco Industrial Wire Shelving', 'product_category': 'Office Supplies', 'product_sub_category': 'Storage & Organization', 'product_container': 'Large Box', 'product_base_margin': nan, 'unit_price': 95.99, 'supplier_id': None, 'effective_date': datetime.date(2025, 5, 27), 'source_system': 'CSV Import', 'load_timestamp': datetime.datetime(2025, 5, 27, 18, 3, 13, 623835)}, {'product_id': '2b1d85df-5841-40e7-b', 'product_name': 'Hon 4070 Series Pagoda™ Armless Upholstered Stacking Chairs', 'product_category': 'Furniture', 'product_sub_category': 'Chairs & Chairmats', 'product_container': 'Jumbo Drum', 'product_base_margin': 0.56, 'unit_price': 291.73, 'supplier_id': None, 'effective_date': datetime.date(2025, 5, 27), 'source_system': 'CSV Import', 'load_timestamp': datetime.datetime(2025, 5, 27, 18, 3, 13, 623870)}, {'product_id': '9597561f-fb51-4784-b', 'product_name': 'White GlueTop Scratch Pads', 'product_category': 'Office Supplies', 'product_sub_category': 'Paper', 'product_container': 'Wrap Bag', 'product_base_margin': 0.39, 'unit_price': 15.04, 'supplier_id': None, 'effective_date': datetime.date(2025, 5, 27), 'source_system': 'CSV Import', 'load_timestamp': datetime.datetime(2025, 5, 27, 18, 3, 13, 623901)}, {'product_id': 'd3a48f88-210f-4c66-a', 'product_name': 'Hon Valutask™ Swivel Chairs', 'product_category': 'Furniture', 'product_sub_category': 'Chairs & Chairmats', 'product_container': 'Jumbo Drum', 'product_base_margin': 0.69, 'unit_price': 100.98, 'supplier_id': None, 'effective_date': datetime.date(2025, 5, 27), 'source_system': 'CSV Import', 'load_timestamp': datetime.datetime(2025, 5, 27, 18, 3, 13, 623931)}, {'product_id': 'ad0d320e-2155-4aea-a', 'product_name': 'Black Print Carbonless Snap-Off® Rapid Letter, 8 1/2" x 7"', 'product_category': 'Office Supplies', 'product_sub_category': 'Paper', 'product_container': 'Wrap Bag', 'product_base_margin': 0.4, 'unit_price': 9.11, 'supplier_id': None, 'effective_date': datetime.date(2025, 5, 27), 'source_system': 'CSV Import', 'load_timestamp': datetime.datetime(2025, 5, 27, 18, 3, 13, 623961)}, {'product_id': '00ab6bbb-0535-445e-b', 'product_name': 'Avery Trapezoid Ring Binder, 3" Capacity, Black, 1040 sheets', 'product_category': 'Office Supplies', 'product_sub_category': 'Binders and Binder Accessories', 'product_container': 'Small Box', 'product_base_margin': 0.36, 'unit_price': 40.98, 'supplier_id': None, 'effective_date': datetime.date(2025, 5, 27), 'source_system': 'CSV Import', 'load_timestamp': datetime.datetime(2025, 5, 27, 18, 3, 13, 623990)}, {'product_id': '916bcae7-518f-4b5b-8', 'product_name': 'Dual Level, Single-Width Filing Carts', 'product_category': 'Office Supplies', 'product_sub_category': 'Storage & Organization', 'product_container': 'Small Box', 'product_base_margin': 0.59, 'unit_price': 155.06, 'supplier_id': None, 'effective_date': datetime.date(2025, 5, 27), 'source_system': 'CSV Import', 'load_timestamp': datetime.datetime(2025, 5, 27, 18, 3, 13, 624019)}  ... displaying 10 of 1314 total bound parameter sets ...  {'product_id': '1dc897c2-739b-4510-9', 'product_name': 'Global Comet™ Stacking Armless Chair', 'product_category': 'Furniture', 'product_sub_category': 'Chairs & Chairmats', 'product_container': 'Jumbo Drum', 'product_base_margin': 0.57, 'unit_price': 299.05, 'supplier_id': None, 'effective_date': datetime.date(2025, 5, 27), 'source_system': 'CSV Import', 'load_timestamp': datetime.datetime(2025, 5, 27, 18, 3, 13, 661225)}, {'product_id': '8f62786d-d010-4703-a', 'product_name': 'Epson FX-2180 Wide Format Dot Matrix Printer', 'product_category': 'Technology', 'product_sub_category': 'Office Machines', 'product_container': 'Jumbo Drum', 'product_base_margin': 0.57, 'unit_price': 596.98, 'supplier_id': None, 'effective_date': datetime.date(2025, 5, 27), 'source_system': 'CSV Import', 'load_timestamp': datetime.datetime(2025, 5, 27, 18, 3, 13, 661253)})]
(Background on this error at: https://sqlalche.me/e/14/f405); 2776)
[2025-05-27T18:03:13.716+0000] {local_task_job_runner.py:228} INFO - Task exited with return code 1
[2025-05-27T18:03:13.743+0000] {taskinstance.py:2778} INFO - 0 downstream tasks scheduled from follow-on schedule check
