[2025-05-27T08:22:58.136+0000] {taskinstance.py:1159} INFO - Dependencies all met for dep_context=non-requeueable deps ti=<TaskInstance: walmart_synthetic_data_dag.generate_synthetic_data scheduled__2025-05-26T00:00:00+00:00 [queued]>
[2025-05-27T08:22:58.153+0000] {taskinstance.py:1159} INFO - Dependencies all met for dep_context=requeueable deps ti=<TaskInstance: walmart_synthetic_data_dag.generate_synthetic_data scheduled__2025-05-26T00:00:00+00:00 [queued]>
[2025-05-27T08:22:58.155+0000] {taskinstance.py:1361} INFO - Starting attempt 1 of 2
[2025-05-27T08:22:58.172+0000] {taskinstance.py:1382} INFO - Executing <Task(PythonOperator): generate_synthetic_data> on 2025-05-26 00:00:00+00:00
[2025-05-27T08:22:58.180+0000] {standard_task_runner.py:57} INFO - Started process 103 to run task
[2025-05-27T08:22:58.182+0000] {standard_task_runner.py:84} INFO - Running: ['***', 'tasks', 'run', 'walmart_synthetic_data_dag', 'generate_synthetic_data', 'scheduled__2025-05-26T00:00:00+00:00', '--job-id', '107', '--raw', '--subdir', 'DAGS_FOLDER/walmart_synthetic_data_dag.py', '--cfg-path', '/tmp/tmpwni5hj1o']
[2025-05-27T08:22:58.188+0000] {standard_task_runner.py:85} INFO - Job 107: Subtask generate_synthetic_data
[2025-05-27T08:22:58.222+0000] {task_command.py:416} INFO - Running <TaskInstance: walmart_synthetic_data_dag.generate_synthetic_data scheduled__2025-05-26T00:00:00+00:00 [running]> on host 88597be0879c
[2025-05-27T08:22:58.805+0000] {taskinstance.py:1662} INFO - Exporting env vars: AIRFLOW_CTX_DAG_OWNER='***' AIRFLOW_CTX_DAG_ID='walmart_synthetic_data_dag' AIRFLOW_CTX_TASK_ID='generate_synthetic_data' AIRFLOW_CTX_EXECUTION_DATE='2025-05-26T00:00:00+00:00' AIRFLOW_CTX_TRY_NUMBER='1' AIRFLOW_CTX_DAG_RUN_ID='scheduled__2025-05-26T00:00:00+00:00'
[2025-05-27T08:22:58.807+0000] {logging_mixin.py:154} INFO - Starting synthetic data generation process...
[2025-05-27T08:22:58.807+0000] {logging_mixin.py:154} INFO - Generating supplier data...
[2025-05-27T08:22:58.841+0000] {taskinstance.py:1937} ERROR - Task failed with exception
Traceback (most recent call last):
  File "/home/airflow/.local/lib/python3.8/site-packages/sqlalchemy/engine/base.py", line 1890, in _execute_context
    self.dialect.do_executemany(
  File "/home/airflow/.local/lib/python3.8/site-packages/sqlalchemy/dialects/postgresql/psycopg2.py", line 982, in do_executemany
    context._psycopg2_fetched_rows = xtras.execute_values(
  File "/home/airflow/.local/lib/python3.8/site-packages/psycopg2/extras.py", line 1299, in execute_values
    cur.execute(b''.join(parts))
psycopg2.errors.UniqueViolation: duplicate key value violates unique constraint "ods_supplier_pkey"
DETAIL:  Key (supplier_id)=(1) already exists.


The above exception was the direct cause of the following exception:

Traceback (most recent call last):
  File "/home/airflow/.local/lib/python3.8/site-packages/airflow/operators/python.py", line 192, in execute
    return_value = self.execute_callable()
  File "/home/airflow/.local/lib/python3.8/site-packages/airflow/operators/python.py", line 209, in execute_callable
    return self.python_callable(*self.op_args, **self.op_kwargs)
  File "/opt/airflow/walmart-etl/generate_synthetic_data.py", line 486, in main
    suppliers = generate_supplier_data(num_suppliers=50)
  File "/opt/airflow/walmart-etl/generate_synthetic_data.py", line 90, in generate_supplier_data
    df_suppliers.to_sql('ods_supplier', engine, if_exists='append', index=False)
  File "/home/airflow/.local/lib/python3.8/site-packages/pandas/core/generic.py", line 2878, in to_sql
    return sql.to_sql(
  File "/home/airflow/.local/lib/python3.8/site-packages/pandas/io/sql.py", line 769, in to_sql
    return pandas_sql.to_sql(
  File "/home/airflow/.local/lib/python3.8/site-packages/pandas/io/sql.py", line 1920, in to_sql
    total_inserted = sql_engine.insert_records(
  File "/home/airflow/.local/lib/python3.8/site-packages/pandas/io/sql.py", line 1470, in insert_records
    raise err
  File "/home/airflow/.local/lib/python3.8/site-packages/pandas/io/sql.py", line 1461, in insert_records
    return table.insert(chunksize=chunksize, method=method)
  File "/home/airflow/.local/lib/python3.8/site-packages/pandas/io/sql.py", line 1023, in insert
    num_inserted = exec_insert(conn, keys, chunk_iter)
  File "/home/airflow/.local/lib/python3.8/site-packages/pandas/io/sql.py", line 929, in _execute_insert
    result = conn.execute(self.table.insert(), data)
  File "/home/airflow/.local/lib/python3.8/site-packages/sqlalchemy/engine/base.py", line 1385, in execute
    return meth(self, multiparams, params, _EMPTY_EXECUTION_OPTS)
  File "/home/airflow/.local/lib/python3.8/site-packages/sqlalchemy/sql/elements.py", line 334, in _execute_on_connection
    return connection._execute_clauseelement(
  File "/home/airflow/.local/lib/python3.8/site-packages/sqlalchemy/engine/base.py", line 1577, in _execute_clauseelement
    ret = self._execute_context(
  File "/home/airflow/.local/lib/python3.8/site-packages/sqlalchemy/engine/base.py", line 1953, in _execute_context
    self._handle_dbapi_exception(
  File "/home/airflow/.local/lib/python3.8/site-packages/sqlalchemy/engine/base.py", line 2134, in _handle_dbapi_exception
    util.raise_(
  File "/home/airflow/.local/lib/python3.8/site-packages/sqlalchemy/util/compat.py", line 211, in raise_
    raise exception
  File "/home/airflow/.local/lib/python3.8/site-packages/sqlalchemy/engine/base.py", line 1890, in _execute_context
    self.dialect.do_executemany(
  File "/home/airflow/.local/lib/python3.8/site-packages/sqlalchemy/dialects/postgresql/psycopg2.py", line 982, in do_executemany
    context._psycopg2_fetched_rows = xtras.execute_values(
  File "/home/airflow/.local/lib/python3.8/site-packages/psycopg2/extras.py", line 1299, in execute_values
    cur.execute(b''.join(parts))
sqlalchemy.exc.IntegrityError: (psycopg2.errors.UniqueViolation) duplicate key value violates unique constraint "ods_supplier_pkey"
DETAIL:  Key (supplier_id)=(1) already exists.

[SQL: INSERT INTO ods_supplier (supplier_id, supplier_name, contact_person, email, phone, address, city, state, zip_code, contract_start_date, source_system, load_timestamp) VALUES (%(supplier_id)s, %(supplier_name)s, %(contact_person)s, %(email)s, %(phone)s, %(address)s, %(city)s, %(state)s, %(zip_code)s, %(contract_start_date)s, %(source_system)s, %(load_timestamp)s)]
[parameters: ({'supplier_id': '1', 'supplier_name': 'Global Trading Partners', 'contact_person': 'Emily Miller', 'email': 'emily.miller@globaltradingpartners.com', 'phone': '+1-858-484-9191', 'address': '1586 Main St, Suite 993', 'city': 'Chicago', 'state': 'California', 'zip_code': '82642', 'contract_start_date': datetime.datetime(2011, 1, 5, 0, 0), 'source_system': 'Synthetic Data', 'load_timestamp': datetime.datetime(2025, 5, 27, 8, 22, 58, 816404)}, {'supplier_id': '2', 'supplier_name': 'Mega Supply LLC', 'contact_person': 'Sarah Williams', 'email': 'sarah.williams@megasupplyllc.com', 'phone': '+1-658-547-5064', 'address': '7310 Main St, Suite 625', 'city': 'San Diego', 'state': 'Illinois', 'zip_code': '75455', 'contract_start_date': datetime.datetime(2012, 11, 13, 0, 0), 'source_system': 'Synthetic Data', 'load_timestamp': datetime.datetime(2025, 5, 27, 8, 22, 58, 816445)}, {'supplier_id': '3', 'supplier_name': 'Mega Wholesale Partners', 'contact_person': 'Lisa Smith', 'email': 'lisa.smith@megawholesalepartners.com', 'phone': '+1-744-661-5494', 'address': '1738 Main St, Suite 908', 'city': 'San Diego', 'state': 'Pennsylvania', 'zip_code': '87822', 'contract_start_date': datetime.datetime(2011, 10, 20, 0, 0), 'source_system': 'Synthetic Data', 'load_timestamp': datetime.datetime(2025, 5, 27, 8, 22, 58, 816453)}, {'supplier_id': '4', 'supplier_name': 'Prime Logistics Corp', 'contact_person': 'Lisa Jones', 'email': 'lisa.jones@primelogisticscorp.com', 'phone': '+1-285-362-9652', 'address': '8131 Main St, Suite 197', 'city': 'Phoenix', 'state': 'Michigan', 'zip_code': '62204', 'contract_start_date': datetime.datetime(2010, 9, 1, 0, 0), 'source_system': 'Synthetic Data', 'load_timestamp': datetime.datetime(2025, 5, 27, 8, 22, 58, 816462)}, {'supplier_id': '5', 'supplier_name': 'National Distribution Corp', 'contact_person': 'Emily Smith', 'email': 'emily.smith@nationaldistributioncorp.com', 'phone': '+1-627-126-4986', 'address': '7804 Main St, Suite 552', 'city': 'San Diego', 'state': 'Texas', 'zip_code': '56848', 'contract_start_date': datetime.datetime(2012, 6, 22, 0, 0), 'source_system': 'Synthetic Data', 'load_timestamp': datetime.datetime(2025, 5, 27, 8, 22, 58, 816470)}, {'supplier_id': '6', 'supplier_name': 'Superior Products LLC', 'contact_person': 'Emily Williams', 'email': 'emily.williams@superiorproductsllc.com', 'phone': '+1-452-388-3202', 'address': '7726 Main St, Suite 964', 'city': 'Phoenix', 'state': 'Pennsylvania', 'zip_code': '37790', 'contract_start_date': datetime.datetime(2011, 5, 25, 0, 0), 'source_system': 'Synthetic Data', 'load_timestamp': datetime.datetime(2025, 5, 27, 8, 22, 58, 816478)}, {'supplier_id': '7', 'supplier_name': 'Quality Merchandise Inc', 'contact_person': 'Mike Smith', 'email': 'mike.smith@qualitymerchandiseinc.com', 'phone': '+1-430-840-3733', 'address': '9296 Main St, Suite 576', 'city': 'Los Angeles', 'state': 'California', 'zip_code': '69147', 'contract_start_date': datetime.datetime(2010, 8, 13, 0, 0), 'source_system': 'Synthetic Data', 'load_timestamp': datetime.datetime(2025, 5, 27, 8, 22, 58, 816486)}, {'supplier_id': '8', 'supplier_name': 'Mega Merchandise Solutions', 'contact_person': 'David Jones', 'email': 'david.jones@megamerchandisesolutions.com', 'phone': '+1-276-103-5258', 'address': '355 Main St, Suite 203', 'city': 'Chicago', 'state': 'Georgia', 'zip_code': '88136', 'contract_start_date': datetime.datetime(2010, 11, 6, 0, 0), 'source_system': 'Synthetic Data', 'load_timestamp': datetime.datetime(2025, 5, 27, 8, 22, 58, 816494)}  ... displaying 10 of 50 total bound parameter sets ...  {'supplier_id': '49', 'supplier_name': 'National Logistics Industries', 'contact_person': 'Emily Smith', 'email': 'emily.smith@nationallogisticsindustries.com', 'phone': '+1-577-728-7262', 'address': '2160 Main St, Suite 665', 'city': 'Los Angeles', 'state': 'California', 'zip_code': '25314', 'contract_start_date': datetime.datetime(2010, 7, 14, 0, 0), 'source_system': 'Synthetic Data', 'load_timestamp': datetime.datetime(2025, 5, 27, 8, 22, 58, 816803)}, {'supplier_id': '50', 'supplier_name': 'Quality Wholesale Partners', 'contact_person': 'Robert Miller', 'email': 'robert.miller@qualitywholesalepartners.com', 'phone': '+1-279-527-1062', 'address': '6416 Main St, Suite 556', 'city': 'San Diego', 'state': 'North Carolina', 'zip_code': '20509', 'contract_start_date': datetime.datetime(2011, 1, 8, 0, 0), 'source_system': 'Synthetic Data', 'load_timestamp': datetime.datetime(2025, 5, 27, 8, 22, 58, 816811)})]
(Background on this error at: https://sqlalche.me/e/14/gkpj)
[2025-05-27T08:22:58.862+0000] {taskinstance.py:1400} INFO - Marking task as UP_FOR_RETRY. dag_id=walmart_synthetic_data_dag, task_id=generate_synthetic_data, execution_date=20250526T000000, start_date=20250527T082258, end_date=20250527T082258
[2025-05-27T08:22:58.872+0000] {standard_task_runner.py:104} ERROR - Failed to execute job 107 for task generate_synthetic_data ((psycopg2.errors.UniqueViolation) duplicate key value violates unique constraint "ods_supplier_pkey"
DETAIL:  Key (supplier_id)=(1) already exists.

[SQL: INSERT INTO ods_supplier (supplier_id, supplier_name, contact_person, email, phone, address, city, state, zip_code, contract_start_date, source_system, load_timestamp) VALUES (%(supplier_id)s, %(supplier_name)s, %(contact_person)s, %(email)s, %(phone)s, %(address)s, %(city)s, %(state)s, %(zip_code)s, %(contract_start_date)s, %(source_system)s, %(load_timestamp)s)]
[parameters: ({'supplier_id': '1', 'supplier_name': 'Global Trading Partners', 'contact_person': 'Emily Miller', 'email': 'emily.miller@globaltradingpartners.com', 'phone': '+1-858-484-9191', 'address': '1586 Main St, Suite 993', 'city': 'Chicago', 'state': 'California', 'zip_code': '82642', 'contract_start_date': datetime.datetime(2011, 1, 5, 0, 0), 'source_system': 'Synthetic Data', 'load_timestamp': datetime.datetime(2025, 5, 27, 8, 22, 58, 816404)}, {'supplier_id': '2', 'supplier_name': 'Mega Supply LLC', 'contact_person': 'Sarah Williams', 'email': 'sarah.williams@megasupplyllc.com', 'phone': '+1-658-547-5064', 'address': '7310 Main St, Suite 625', 'city': 'San Diego', 'state': 'Illinois', 'zip_code': '75455', 'contract_start_date': datetime.datetime(2012, 11, 13, 0, 0), 'source_system': 'Synthetic Data', 'load_timestamp': datetime.datetime(2025, 5, 27, 8, 22, 58, 816445)}, {'supplier_id': '3', 'supplier_name': 'Mega Wholesale Partners', 'contact_person': 'Lisa Smith', 'email': 'lisa.smith@megawholesalepartners.com', 'phone': '+1-744-661-5494', 'address': '1738 Main St, Suite 908', 'city': 'San Diego', 'state': 'Pennsylvania', 'zip_code': '87822', 'contract_start_date': datetime.datetime(2011, 10, 20, 0, 0), 'source_system': 'Synthetic Data', 'load_timestamp': datetime.datetime(2025, 5, 27, 8, 22, 58, 816453)}, {'supplier_id': '4', 'supplier_name': 'Prime Logistics Corp', 'contact_person': 'Lisa Jones', 'email': 'lisa.jones@primelogisticscorp.com', 'phone': '+1-285-362-9652', 'address': '8131 Main St, Suite 197', 'city': 'Phoenix', 'state': 'Michigan', 'zip_code': '62204', 'contract_start_date': datetime.datetime(2010, 9, 1, 0, 0), 'source_system': 'Synthetic Data', 'load_timestamp': datetime.datetime(2025, 5, 27, 8, 22, 58, 816462)}, {'supplier_id': '5', 'supplier_name': 'National Distribution Corp', 'contact_person': 'Emily Smith', 'email': 'emily.smith@nationaldistributioncorp.com', 'phone': '+1-627-126-4986', 'address': '7804 Main St, Suite 552', 'city': 'San Diego', 'state': 'Texas', 'zip_code': '56848', 'contract_start_date': datetime.datetime(2012, 6, 22, 0, 0), 'source_system': 'Synthetic Data', 'load_timestamp': datetime.datetime(2025, 5, 27, 8, 22, 58, 816470)}, {'supplier_id': '6', 'supplier_name': 'Superior Products LLC', 'contact_person': 'Emily Williams', 'email': 'emily.williams@superiorproductsllc.com', 'phone': '+1-452-388-3202', 'address': '7726 Main St, Suite 964', 'city': 'Phoenix', 'state': 'Pennsylvania', 'zip_code': '37790', 'contract_start_date': datetime.datetime(2011, 5, 25, 0, 0), 'source_system': 'Synthetic Data', 'load_timestamp': datetime.datetime(2025, 5, 27, 8, 22, 58, 816478)}, {'supplier_id': '7', 'supplier_name': 'Quality Merchandise Inc', 'contact_person': 'Mike Smith', 'email': 'mike.smith@qualitymerchandiseinc.com', 'phone': '+1-430-840-3733', 'address': '9296 Main St, Suite 576', 'city': 'Los Angeles', 'state': 'California', 'zip_code': '69147', 'contract_start_date': datetime.datetime(2010, 8, 13, 0, 0), 'source_system': 'Synthetic Data', 'load_timestamp': datetime.datetime(2025, 5, 27, 8, 22, 58, 816486)}, {'supplier_id': '8', 'supplier_name': 'Mega Merchandise Solutions', 'contact_person': 'David Jones', 'email': 'david.jones@megamerchandisesolutions.com', 'phone': '+1-276-103-5258', 'address': '355 Main St, Suite 203', 'city': 'Chicago', 'state': 'Georgia', 'zip_code': '88136', 'contract_start_date': datetime.datetime(2010, 11, 6, 0, 0), 'source_system': 'Synthetic Data', 'load_timestamp': datetime.datetime(2025, 5, 27, 8, 22, 58, 816494)}  ... displaying 10 of 50 total bound parameter sets ...  {'supplier_id': '49', 'supplier_name': 'National Logistics Industries', 'contact_person': 'Emily Smith', 'email': 'emily.smith@nationallogisticsindustries.com', 'phone': '+1-577-728-7262', 'address': '2160 Main St, Suite 665', 'city': 'Los Angeles', 'state': 'California', 'zip_code': '25314', 'contract_start_date': datetime.datetime(2010, 7, 14, 0, 0), 'source_system': 'Synthetic Data', 'load_timestamp': datetime.datetime(2025, 5, 27, 8, 22, 58, 816803)}, {'supplier_id': '50', 'supplier_name': 'Quality Wholesale Partners', 'contact_person': 'Robert Miller', 'email': 'robert.miller@qualitywholesalepartners.com', 'phone': '+1-279-527-1062', 'address': '6416 Main St, Suite 556', 'city': 'San Diego', 'state': 'North Carolina', 'zip_code': '20509', 'contract_start_date': datetime.datetime(2011, 1, 8, 0, 0), 'source_system': 'Synthetic Data', 'load_timestamp': datetime.datetime(2025, 5, 27, 8, 22, 58, 816811)})]
(Background on this error at: https://sqlalche.me/e/14/gkpj); 103)
[2025-05-27T08:22:58.907+0000] {local_task_job_runner.py:228} INFO - Task exited with return code 1
[2025-05-27T08:22:58.930+0000] {taskinstance.py:2778} INFO - 0 downstream tasks scheduled from follow-on schedule check
